info it worked if it ends with ok
verbose cli [ 'node', '/usr/bin/npm', 'install', '-g', 'router' ]
info using npm@1.0.6
info using node@v0.4.8
verbose config file /root/.npmrc
verbose config file /usr/etc/npmrc
verbose into /usr/lib [ 'router' ]
verbose cache add [ 'router', null ]
info addNamed [ 'router', '' ]
verbose addNamed [ null, '' ]
verbose GET router
verbose raw, before any munging router
verbose url resolving [ 'http://registry.npmjs.org/', './router' ]
verbose url resolved http://registry.npmjs.org/router
verbose url parsed { protocol: 'http:',
verbose url parsed   slashes: true,
verbose url parsed   host: 'registry.npmjs.org',
verbose url parsed   hostname: 'registry.npmjs.org',
verbose url parsed   href: 'http://registry.npmjs.org/router',
verbose url parsed   pathname: '/router' }
verbose response http://registry.npmjs.org/router
silly chunk {"error":"not_found","reason":"document not found"}
silly chunk 
silly get cb [ 404,
silly get cb   { server: 'CouchDB/1.0.2 (Erlang OTP/R14B)',
silly get cb     date: 'Sun, 22 May 2011 02:17:48 GMT',
silly get cb     'content-type': 'application/json',
silly get cb     'content-length': '52',
silly get cb     'cache-control': 'must-revalidate' } ]
ERR! 404 'router' is not in the npm registry.
ERR! 404 You should bug the author to publish it.
ERR! 404 Note that you can also install from a tarball or folder.
ERR! 
ERR! System Linux 2.6.38-ARCH
ERR! command "node" "/usr/bin/npm" "install" "-g" "router"
verbose exit [ 1, true ]
